<?xml version="1.0" encoding="UTF-8"?>
<!-- Generated by org.testng.reporters.JUnitReportReporter -->
<testsuite hostname="LAPTOP-VIVLOTVQ" name="com.testcases.qa.FileUploadDownload" tests="1" failures="0" timestamp="27 Dec 2020 19:29:13 GMT" time="15.031" errors="0">
  <testcase name="verifyFIleUpload" time="15.031" classname="com.testcases.qa.FileUploadDownload"/>
</testsuite> <!-- com.testcases.qa.FileUploadDownload -->
