<?xml version="1.0" encoding="UTF-8"?>
<!-- Generated by org.testng.reporters.JUnitReportReporter -->
<testsuite name="com.testcases.qa.TestUrl" tests="1" time="13.939" ignored="0" failures="0" timestamp="04 Nov 2020 07:00:10 GMT" skipped="0" hostname="LAPTOP-VIVLOTVQ" errors="0">
  <testcase name="checkUrl" time="13.939" classname="com.testcases.qa.TestUrl"/>
</testsuite> <!-- com.testcases.qa.TestUrl -->
