<?xml version="1.0" encoding="UTF-8"?>
<!-- Generated by org.testng.reporters.JUnitReportReporter -->
<testsuite skipped="0" hostname="LAPTOP-VIVLOTVQ" name="com.testcases.qa.TestUrl" tests="1" failures="0" timestamp="2020-12-29T16:46:10 IST" time="19.908" errors="0">
  <testcase name="handleMultiWin" time="19.908" classname="com.testcases.qa.TestUrl"/>
  <system-out/>
</testsuite> <!-- com.testcases.qa.TestUrl -->
