<?xml version="1.0" encoding="UTF-8"?>
<!-- Generated by org.testng.reporters.JUnitReportReporter -->
<testsuite skipped="0" hostname="LAPTOP-VIVLOTVQ" name="com.testcases.qa.TestUrl" tests="1" failures="0" timestamp="2020-11-05T18:11:02 IST" time="12.460" errors="0">
  <testcase name="checkUrl" time="12.460" classname="com.testcases.qa.TestUrl"/>
  <system-out/>
</testsuite> <!-- com.testcases.qa.TestUrl -->
